(0000) 3000  0011000000000000 (   1)                 .ORIG x3000
(3000) E01D  1110000000011101 (   2)                 LEA   R0 fir
(3001) F022  1111000000100010 (   3)                 TRAP  x22
(3002) E028  1110000000101000 (   4)                 LEA   R0 sec
(3003) F022  1111000000100010 (   5)                 TRAP  x22
(3004) E033  1110000000110011 (   6)                 LEA   R0 thi
(3005) F022  1111000000100010 (   7)                 TRAP  x22
(3006) E03E  1110000000111110 (   8)                 LEA   R0 fou
(3007) F022  1111000000100010 (   9)                 TRAP  x22
(3008) E049  1110000001001001 (  10)                 LEA   R0 fif
(3009) F022  1111000000100010 (  11)                 TRAP  x22
(300A) E054  1110000001010100 (  12)                 LEA   R0 six
(300B) F022  1111000000100010 (  13)                 TRAP  x22
(300C) E05F  1110000001011111 (  14)                 LEA   R0 sev
(300D) F022  1111000000100010 (  15)                 TRAP  x22
(300E) E06A  1110000001101010 (  16)                 LEA   R0 eig
(300F) F022  1111000000100010 (  17)                 TRAP  x22
(3010) E075  1110000001110101 (  18)                 LEA   R0 nin
(3011) F022  1111000000100010 (  19)                 TRAP  x22
(3012) E080  1110000010000000 (  20)                 LEA   R0 ten
(3013) F022  1111000000100010 (  21)                 TRAP  x22
(3014) E08B  1110000010001011 (  22)                 LEA   R0 ele
(3015) F022  1111000000100010 (  23)                 TRAP  x22
(3016) E001  1110000000000001 (  25)                 LEA   R0 res
(3017) F022  1111000000100010 (  26)                 TRAP  x22
(3018) 00C6  0000000011000110 (  27) res             .FILL x00C6
(3019) 00BD  0000000010111101 (  27)                 .FILL x00BD
(301A) 00BE  0000000010111110 (  27)                 .FILL x00BE
(301B) 00D6  0000000011010110 (  27)                 .FILL x00D6
(301C) 000A  0000000000001010 (  27)                 .FILL x000A
(301D) 0000  0000000000000000 (  27)                 .FILL x0000
(301E) 002A  0000000000101010 (  29) fir             .FILL x002A
(301F) 0031  0000000000110001 (  29)                 .FILL x0031
(3020) 002A  0000000000101010 (  29)                 .FILL x002A
(3021) 0031  0000000000110001 (  29)                 .FILL x0031
(3022) 002A  0000000000101010 (  29)                 .FILL x002A
(3023) 0032  0000000000110010 (  29)                 .FILL x0032
(3024) 002A  0000000000101010 (  29)                 .FILL x002A
(3025) 0031  0000000000110001 (  29)                 .FILL x0031
(3026) 002A  0000000000101010 (  29)                 .FILL x002A
(3027) 0032  0000000000110010 (  29)                 .FILL x0032
(3028) 002A  0000000000101010 (  29)                 .FILL x002A
(3029) 000A  0000000000001010 (  29)                 .FILL x000A
(302A) 0000  0000000000000000 (  29)                 .FILL x0000
(302B) 0031  0000000000110001 (  30) sec             .FILL x0031
(302C) 0031  0000000000110001 (  30)                 .FILL x0031
(302D) 0031  0000000000110001 (  30)                 .FILL x0031
(302E) 0020  0000000000100000 (  30)                 .FILL x0020
(302F) 0032  0000000000110010 (  30)                 .FILL x0032
(3030) 0032  0000000000110010 (  30)                 .FILL x0032
(3031) 0032  0000000000110010 (  30)                 .FILL x0032
(3032) 0020  0000000000100000 (  30)                 .FILL x0020
(3033) 0031  0000000000110001 (  30)                 .FILL x0031
(3034) 0020  0000000000100000 (  30)                 .FILL x0020
(3035) 0032  0000000000110010 (  30)                 .FILL x0032
(3036) 000A  0000000000001010 (  30)                 .FILL x000A
(3037) 0000  0000000000000000 (  30)                 .FILL x0000
(3038) 002A  0000000000101010 (  31) thi             .FILL x002A
(3039) 0031  0000000000110001 (  31)                 .FILL x0031
(303A) 002A  0000000000101010 (  31)                 .FILL x002A
(303B) 0032  0000000000110010 (  31)                 .FILL x0032
(303C) 002A  0000000000101010 (  31)                 .FILL x002A
(303D) 0032  0000000000110010 (  31)                 .FILL x0032
(303E) 002A  0000000000101010 (  31)                 .FILL x002A
(303F) 0032  0000000000110010 (  31)                 .FILL x0032
(3040) 002A  0000000000101010 (  31)                 .FILL x002A
(3041) 0031  0000000000110001 (  31)                 .FILL x0031
(3042) 002A  0000000000101010 (  31)                 .FILL x002A
(3043) 000A  0000000000001010 (  31)                 .FILL x000A
(3044) 0000  0000000000000000 (  31)                 .FILL x0000
(3045) 0031  0000000000110001 (  32) fou             .FILL x0031
(3046) 0020  0000000000100000 (  32)                 .FILL x0020
(3047) 0032  0000000000110010 (  32)                 .FILL x0032
(3048) 0020  0000000000100000 (  32)                 .FILL x0020
(3049) 0031  0000000000110001 (  32)                 .FILL x0031
(304A) 0020  0000000000100000 (  32)                 .FILL x0020
(304B) 0032  0000000000110010 (  32)                 .FILL x0032
(304C) 0020  0000000000100000 (  32)                 .FILL x0020
(304D) 0031  0000000000110001 (  32)                 .FILL x0031
(304E) 0031  0000000000110001 (  32)                 .FILL x0031
(304F) 0031  0000000000110001 (  32)                 .FILL x0031
(3050) 000A  0000000000001010 (  32)                 .FILL x000A
(3051) 0000  0000000000000000 (  32)                 .FILL x0000
(3052) 002A  0000000000101010 (  33) fif             .FILL x002A
(3053) 0032  0000000000110010 (  33)                 .FILL x0032
(3054) 002A  0000000000101010 (  33)                 .FILL x002A
(3055) 0032  0000000000110010 (  33)                 .FILL x0032
(3056) 002A  0000000000101010 (  33)                 .FILL x002A
(3057) 0032  0000000000110010 (  33)                 .FILL x0032
(3058) 002A  0000000000101010 (  33)                 .FILL x002A
(3059) 0031  0000000000110001 (  33)                 .FILL x0031
(305A) 002A  0000000000101010 (  33)                 .FILL x002A
(305B) 0031  0000000000110001 (  33)                 .FILL x0031
(305C) 002A  0000000000101010 (  33)                 .FILL x002A
(305D) 000A  0000000000001010 (  33)                 .FILL x000A
(305E) 0000  0000000000000000 (  33)                 .FILL x0000
(305F) 0032  0000000000110010 (  34) six             .FILL x0032
(3060) 0032  0000000000110010 (  34)                 .FILL x0032
(3061) 0032  0000000000110010 (  34)                 .FILL x0032
(3062) 0020  0000000000100000 (  34)                 .FILL x0020
(3063) 0031  0000000000110001 (  34)                 .FILL x0031
(3064) 0020  0000000000100000 (  34)                 .FILL x0020
(3065) 0031  0000000000110001 (  34)                 .FILL x0031
(3066) 0020  0000000000100000 (  34)                 .FILL x0020
(3067) 0032  0000000000110010 (  34)                 .FILL x0032
(3068) 0020  0000000000100000 (  34)                 .FILL x0020
(3069) 0031  0000000000110001 (  34)                 .FILL x0031
(306A) 000A  0000000000001010 (  34)                 .FILL x000A
(306B) 0000  0000000000000000 (  34)                 .FILL x0000
(306C) 002A  0000000000101010 (  35) sev             .FILL x002A
(306D) 0032  0000000000110010 (  35)                 .FILL x0032
(306E) 002A  0000000000101010 (  35)                 .FILL x002A
(306F) 0032  0000000000110010 (  35)                 .FILL x0032
(3070) 002A  0000000000101010 (  35)                 .FILL x002A
(3071) 0031  0000000000110001 (  35)                 .FILL x0031
(3072) 002A  0000000000101010 (  35)                 .FILL x002A
(3073) 0031  0000000000110001 (  35)                 .FILL x0031
(3074) 002A  0000000000101010 (  35)                 .FILL x002A
(3075) 0031  0000000000110001 (  35)                 .FILL x0031
(3076) 002A  0000000000101010 (  35)                 .FILL x002A
(3077) 000A  0000000000001010 (  35)                 .FILL x000A
(3078) 0000  0000000000000000 (  35)                 .FILL x0000
(3079) 0032  0000000000110010 (  36) eig             .FILL x0032
(307A) 0020  0000000000100000 (  36)                 .FILL x0020
(307B) 0032  0000000000110010 (  36)                 .FILL x0032
(307C) 0020  0000000000100000 (  36)                 .FILL x0020
(307D) 0031  0000000000110001 (  36)                 .FILL x0031
(307E) 0020  0000000000100000 (  36)                 .FILL x0020
(307F) 0031  0000000000110001 (  36)                 .FILL x0031
(3080) 0020  0000000000100000 (  36)                 .FILL x0020
(3081) 0032  0000000000110010 (  36)                 .FILL x0032
(3082) 0020  0000000000100000 (  36)                 .FILL x0020
(3083) 0032  0000000000110010 (  36)                 .FILL x0032
(3084) 000A  0000000000001010 (  36)                 .FILL x000A
(3085) 0000  0000000000000000 (  36)                 .FILL x0000
(3086) 002A  0000000000101010 (  37) nin             .FILL x002A
(3087) 0031  0000000000110001 (  37)                 .FILL x0031
(3088) 002A  0000000000101010 (  37)                 .FILL x002A
(3089) 0031  0000000000110001 (  37)                 .FILL x0031
(308A) 002A  0000000000101010 (  37)                 .FILL x002A
(308B) 0032  0000000000110010 (  37)                 .FILL x0032
(308C) 002A  0000000000101010 (  37)                 .FILL x002A
(308D) 0031  0000000000110001 (  37)                 .FILL x0031
(308E) 002A  0000000000101010 (  37)                 .FILL x002A
(308F) 0031  0000000000110001 (  37)                 .FILL x0031
(3090) 002A  0000000000101010 (  37)                 .FILL x002A
(3091) 000A  0000000000001010 (  37)                 .FILL x000A
(3092) 0000  0000000000000000 (  37)                 .FILL x0000
(3093) 0031  0000000000110001 (  38) ten             .FILL x0031
(3094) 0020  0000000000100000 (  38)                 .FILL x0020
(3095) 0032  0000000000110010 (  38)                 .FILL x0032
(3096) 0020  0000000000100000 (  38)                 .FILL x0020
(3097) 0031  0000000000110001 (  38)                 .FILL x0031
(3098) 0020  0000000000100000 (  38)                 .FILL x0020
(3099) 0032  0000000000110010 (  38)                 .FILL x0032
(309A) 0020  0000000000100000 (  38)                 .FILL x0020
(309B) 0031  0000000000110001 (  38)                 .FILL x0031
(309C) 0020  0000000000100000 (  38)                 .FILL x0020
(309D) 0032  0000000000110010 (  38)                 .FILL x0032
(309E) 000A  0000000000001010 (  38)                 .FILL x000A
(309F) 0000  0000000000000000 (  38)                 .FILL x0000
(30A0) 002A  0000000000101010 (  39) ele             .FILL x002A
(30A1) 0032  0000000000110010 (  39)                 .FILL x0032
(30A2) 002A  0000000000101010 (  39)                 .FILL x002A
(30A3) 0031  0000000000110001 (  39)                 .FILL x0031
(30A4) 002A  0000000000101010 (  39)                 .FILL x002A
(30A5) 0032  0000000000110010 (  39)                 .FILL x0032
(30A6) 002A  0000000000101010 (  39)                 .FILL x002A
(30A7) 0032  0000000000110010 (  39)                 .FILL x0032
(30A8) 002A  0000000000101010 (  39)                 .FILL x002A
(30A9) 0032  0000000000110010 (  39)                 .FILL x0032
(30AA) 002A  0000000000101010 (  39)                 .FILL x002A
(30AB) 000A  0000000000001010 (  39)                 .FILL x000A
(30AC) 000A  0000000000001010 (  39)                 .FILL x000A
(30AD) 0000  0000000000000000 (  39)                 .FILL x0000
