(0000) 3000  0011000000000000 (   1)                 .ORIG x3000
(3000) 2C26  0010110000100110 (   4)                 LD    R6 NUM
(3001) 2426  0010010000100110 (   5)                 LD    R2 INTERUPT
(3002) B426  1011010000100110 (   6)                 STI   R2 KEY
(3003) 2223  0010001000100011 (   7)                 LD    R1 NUM
(3004) B225  1011001000100101 (   8)                 STI   R1 KBSR
(3005) 5260  0101001001100000 (  11)                 AND   R1 R1 #0
(3006) 54A0  0101010010100000 (  12)                 AND   R2 R2 #0
(3007) 1266  0001001001100110 (  13)                 ADD   R1 R1 #6
(3008) 14A1  0001010010100001 (  14)                 ADD   R2 R2 #1
(3009) 14A0  0001010010100000 (  16) LOOP            ADD   R2 R2 #0
(300A) 0802  0000100000000010 (  17)                 BRN   ST2
(300B) E020  1110000000100000 (  19) ST1             LEA   R0 STR1
(300C) 0E01  0000111000000001 (  20)                 BRNZP PRINT
(300D) E026  1110000000100110 (  22) ST2             LEA   R0 STR2
(300E) F022  1111000000100010 (  24) PRINT           TRAP  x22
(300F) 480F  0100100000001111 (  25)                 JSR   DELAY
(3010) 127F  0001001001111111 (  26)                 ADD   R1 R1 #-1
(3011) 03F7  0000001111110111 (  27)                 BRP   LOOP
(3012) 2018  0010000000011000 (  28)                 LD    R0 ENTER
(3013) F021  1111000000100001 (  29)                 TRAP  x21
(3014) 14A0  0001010010100000 (  30)                 ADD   R2 R2 #0
(3015) 0803  0000100000000011 (  31)                 BRN   SET6
(3016) 5260  0101001001100000 (  33) SET5            AND   R1 R1 #0
(3017) 1265  0001001001100101 (  34)                 ADD   R1 R1 #5
(3018) 0E02  0000111000000010 (  35)                 BRNZP NOTR2
(3019) 5260  0101001001100000 (  37) SET6            AND   R1 R1 #0
(301A) 1266  0001001001100110 (  38)                 ADD   R1 R1 #6
(301B) 94BF  1001010010111111 (  40) NOTR2           NOT   R2 R2
(301C) 14A1  0001010010100001 (  41)                 ADD   R2 R2 #1
(301D) 0FEB  0000111111101011 (  42)                 BRNZP LOOP
(301E) F025  1111000000100101 (  43)                 TRAP  x25
(301F) 3206  0011001000000110 (  46) DELAY           ST    R1 SaveR1
(3020) 2204  0010001000000100 (  47)                 LD    R1 COUNT
(3021) 127F  0001001001111111 (  48) REP             ADD   R1 R1 #-1
(3022) 03FE  0000001111111110 (  49)                 BRP   REP
(3023) 2202  0010001000000010 (  50)                 LD    R1 SaveR1
(3024) C1C0  1100000111000000 (  51)                 RET   
(3025) 2710  0010011100010000 (  52) COUNT           .FILL x2710
(3026) 0000  0000000000000000 (  55) SaveR1          .FILL x0000
(3027) 4000  0100000000000000 (  55) NUM             .FILL x4000
(3028) 2000  0010000000000000 (  56) INTERUPT        .FILL x2000
(3029) 0180  0000000110000000 (  57) KEY             .FILL x0180
(302A) FE00  1111111000000000 (  58) KBSR            .FILL xFE00
(302B) 000A  0000000000001010 (  59) ENTER           .FILL x000A
(302C) 0049  0000000001001001 (  60) STR1            .FILL x0049
(302D) 0043  0000000001000011 (  60)                 .FILL x0043
(302E) 0053  0000000001010011 (  60)                 .FILL x0053
(302F) 0020  0000000000100000 (  60)                 .FILL x0020
(3030) 0020  0000000000100000 (  60)                 .FILL x0020
(3031) 0020  0000000000100000 (  60)                 .FILL x0020
(3032) 0020  0000000000100000 (  60)                 .FILL x0020
(3033) 0000  0000000000000000 (  60)                 .FILL x0000
(3034) 0020  0000000000100000 (  61) STR2            .FILL x0020
(3035) 0020  0000000000100000 (  61)                 .FILL x0020
(3036) 0020  0000000000100000 (  61)                 .FILL x0020
(3037) 0020  0000000000100000 (  61)                 .FILL x0020
(3038) 0049  0000000001001001 (  61)                 .FILL x0049
(3039) 0043  0000000001000011 (  61)                 .FILL x0043
(303A) 0053  0000000001010011 (  61)                 .FILL x0053
(303B) 0000  0000000000000000 (  61)                 .FILL x0000
