(0000) 2000  0010000000000000 (   1)                 .ORIG x2000
(2000) A610  1010011000010000 (   4) LOOP            LDI   R3 KBDR
(2001) 05FE  0000010111111110 (   5)                 BRZ   LOOP
(2002) 2811  0010100000010001 (   6)                 LD    R4 Enter
(2003) 16C4  0001011011000100 (   7)                 ADD   R3 R3 R4
(2004) 0A01  0000101000000001 (   8)                 BRNP  READ
(2005) 8000  1000000000000000 (   9)                 RTI   
(2006) 5920  0101100100100000 (  12) READ            AND   R4 R4 #0
(2007) 192A  0001100100101010 (  13)                 ADD   R4 R4 #10
(2008) A008  1010000000001000 (  14)                 LDI   R0 KBDR
(2009) AA08  1010101000001000 (  17) STROUT          LDI   R5 DSR
(200A) 07FE  0000011111111110 (  18)                 BRZP  STROUT
(200B) B007  1011000000000111 (  19)                 STI   R0 DDR
(200C) 193F  0001100100111111 (  20)                 ADD   R4 R4 #-1
(200D) 03FB  0000001111111011 (  21)                 BRP   STROUT
(200E) 5920  0101100100100000 (  22)                 AND   R4 R4 #0
(200F) B801  1011100000000001 (  23)                 STI   R4 KBDR
(2010) 0FEF  0000111111101111 (  24)                 BRNZP LOOP
(2011) FE02  1111111000000010 (  26) KBDR            .FILL xFE02
(2012) FE04  1111111000000100 (  27) DSR             .FILL xFE04
(2013) FE06  1111111000000110 (  28) DDR             .FILL xFE06
(2014) FFF6  1111111111110110 (  29) Enter           .FILL xFFF6
