(0000) 3000  0011000000000000 (   1)                 .ORIG x3000
(3000) 5260  0101001001100000 (   2)                 AND   R1 R1 #0
(3001) 126F  0001001001101111 (   3)                 ADD   R1 R1 #15
(3002) 5260  0101001001100000 (   6)                 AND   R1 R1 #0
(3003) 126F  0001001001101111 (   7)                 ADD   R1 R1 #15
(3004) 0413  0000010000010011 (   9) sort            BRZ   endSort
(3005) 2434  0010010000110100 (  10)                 LD    R2 stFile
(3006) 1681  0001011010000001 (  11)                 ADD   R3 R2 R1
(3007) 96FF  1001011011111111 (  12)                 NOT   R3 R3
(3008) 16E1  0001011011100001 (  13)                 ADD   R3 R3 #1
(3009) 18C2  0001100011000010 (  14)                 ADD   R4 R3 R2
(300A) 060B  0000011000001011 (  16) while           BRZP  endWhile
(300B) 6A80  0110101010000000 (  17)                 LDR   R5 R2 #0
(300C) 6C81  0110110010000001 (  18)                 LDR   R6 R2 #1
(300D) 99BF  1001100110111111 (  19)                 NOT   R4 R6
(300E) 1921  0001100100100001 (  20)                 ADD   R4 R4 #1
(300F) 1905  0001100100000101 (  21)                 ADD   R4 R4 R5
(3010) 0602  0000011000000010 (  23) if              BRZP  endSwap
(3011) 7C80  0111110010000000 (  24)                 STR   R6 R2 #0
(3012) 7A81  0111101010000001 (  25)                 STR   R5 R2 #1
(3013) 14A1  0001010010100001 (  27) endSwap         ADD   R2 R2 #1
(3014) 18C2  0001100011000010 (  28)                 ADD   R4 R3 R2
(3015) 0FF4  0000111111110100 (  29)                 BRNZP while
(3016) 127F  0001001001111111 (  31) endWhile        ADD   R1 R1 #-1
(3017) 0FEC  0000111111101100 (  32)                 BRNZP sort
(3018) 2421  0010010000100001 (  36) endSort         LD    R2 stFile
(3019) 2A21  0010101000100001 (  37)                 LD    R5 stA
(301A) 5020  0101000000100000 (  38)                 AND   R0 R0 #0
(301B) 2820  0010100000100000 (  39)                 LD    R4 GA
(301C) 993F  1001100100111111 (  40)                 NOT   R4 R4
(301D) 1921  0001100100100001 (  41)                 ADD   R4 R4 #1
(301E) 56E0  0101011011100000 (  42)                 AND   R3 R3 #0
(301F) 16E4  0001011011100100 (  43)                 ADD   R3 R3 #4
(3020) 0407  0000010000000111 (  45) gradeA          BRZ   endA
(3021) 6280  0110001010000000 (  46)                 LDR   R1 R2 #0
(3022) 1244  0001001001000100 (  47)                 ADD   R1 R1 R4
(3023) 0801  0000100000000001 (  49) isA             BRN   endisA
(3024) 1021  0001000000100001 (  50)                 ADD   R0 R0 #1
(3025) 14A1  0001010010100001 (  52) endisA          ADD   R2 R2 #1
(3026) 16FF  0001011011111111 (  53)                 ADD   R3 R3 #-1
(3027) 0FF8  0000111111111000 (  54)                 BRNZP gradeA
(3028) 7140  0111000101000000 (  56) endA            STR   R0 R5 #0
(3029) 5020  0101000000100000 (  59)                 AND   R0 R0 #0
(302A) 2812  0010100000010010 (  60)                 LD    R4 GB
(302B) 993F  1001100100111111 (  61)                 NOT   R4 R4
(302C) 1921  0001100100100001 (  62)                 ADD   R4 R4 #1
(302D) 56E0  0101011011100000 (  63)                 AND   R3 R3 #0
(302E) 16E4  0001011011100100 (  64)                 ADD   R3 R3 #4
(302F) 0407  0000010000000111 (  66) gradeB          BRZ   endB
(3030) 6280  0110001010000000 (  67)                 LDR   R1 R2 #0
(3031) 1244  0001001001000100 (  68)                 ADD   R1 R1 R4
(3032) 0801  0000100000000001 (  70) isB             BRN   endisB
(3033) 1021  0001000000100001 (  71)                 ADD   R0 R0 #1
(3034) 14A1  0001010010100001 (  73) endisB          ADD   R2 R2 #1
(3035) 16FF  0001011011111111 (  74)                 ADD   R3 R3 #-1
(3036) 0FF8  0000111111111000 (  75)                 BRNZP gradeB
(3037) 7141  0111000101000001 (  77) endB            STR   R0 R5 #1
(3038) F025  1111000000100101 (  78)                 TRAP  x25
(3039) 3200  0011001000000000 (  80) ldFile          .FILL x3200
(303A) 4000  0100000000000000 (  81) stFile          .FILL x4000
(303B) 4100  0100000100000000 (  82) stA             .FILL x4100
(303C) 0055  0000000001010101 (  83) GA              .FILL x0055
(303D) 004B  0000000001001011 (  84) GB              .FILL x004B
